0 info it worked if it ends with ok
1 verbose cli [ '/usr/local/bin/node',
1 verbose cli   '/usr/local/bin/npm',
1 verbose cli   'install',
1 verbose cli   '-g',
1 verbose cli   'handlebars' ]
2 info using npm@1.2.0
3 info using node@v0.8.17
4 verbose read json /usr/local/lib/package.json
5 verbose read json /usr/local/lib/package.json
6 verbose cache add [ 'handlebars', null ]
7 silly cache add name=undefined spec="handlebars" args=["handlebars",null]
8 verbose parsed url { pathname: 'handlebars',
8 verbose parsed url   path: 'handlebars',
8 verbose parsed url   href: 'handlebars' }
9 silly lockFile 9566e355-handlebars handlebars
10 verbose lock handlebars /home/rich/.npm/9566e355-handlebars.lock
11 silly lockFile 9566e355-handlebars handlebars
12 verbose addNamed [ 'handlebars', '' ]
13 verbose addNamed [ null, '' ]
14 silly lockFile 0ab5732f-handlebars handlebars@
15 verbose lock handlebars@ /home/rich/.npm/0ab5732f-handlebars.lock
16 silly addNameRange { name: 'handlebars', range: '', hasData: false }
17 verbose url raw handlebars
18 verbose url resolving [ 'https://registry.npmjs.org/', './handlebars' ]
19 verbose url resolved https://registry.npmjs.org/handlebars
20 info trying registry request attempt 1 at 19:06:23
21 verbose etag "583c9cb2-fca9"
22 http GET https://registry.npmjs.org/handlebars
23 http 200 https://registry.npmjs.org/handlebars
24 silly registry.get cb [ 200,
24 silly registry.get   { server: 'nginx/1.10.1',
24 silly registry.get     'content-type': 'application/json',
24 silly registry.get     'last-modified': 'Fri, 23 Dec 2016 20:36:33 GMT',
24 silly registry.get     etag: '"585d8ad1-fcce"',
24 silly registry.get     'cache-control': 'max-age=300',
24 silly registry.get     'content-length': '64718',
24 silly registry.get     'accept-ranges': 'bytes',
24 silly registry.get     date: 'Sat, 07 Jan 2017 00:06:24 GMT',
24 silly registry.get     via: '1.1 varnish',
24 silly registry.get     age: '152',
24 silly registry.get     connection: 'keep-alive',
24 silly registry.get     'x-served-by': 'cache-jfk8125-JFK',
24 silly registry.get     'x-cache': 'HIT',
24 silly registry.get     'x-cache-hits': '1',
24 silly registry.get     'x-timer': 'S1483747584.670534,VS0,VE0',
24 silly registry.get     vary: 'Accept-Encoding' } ]
25 silly addNameRange number 2 { name: 'handlebars', range: '', hasData: true }
26 silly addNameRange versions [ 'handlebars',
26 silly addNameRange   [ '1.0.6',
26 silly addNameRange     '1.0.6-2',
26 silly addNameRange     '1.0.7',
26 silly addNameRange     '1.0.8',
26 silly addNameRange     '1.0.9',
26 silly addNameRange     '1.0.10',
26 silly addNameRange     '1.0.11',
26 silly addNameRange     '1.0.12',
26 silly addNameRange     '1.1.0',
26 silly addNameRange     '1.1.1',
26 silly addNameRange     '1.1.2',
26 silly addNameRange     '1.2.0',
26 silly addNameRange     '1.2.1',
26 silly addNameRange     '1.3.0',
26 silly addNameRange     '2.0.0-alpha.1',
26 silly addNameRange     '2.0.0-alpha.2',
26 silly addNameRange     '2.0.0-alpha.3',
26 silly addNameRange     '2.0.0-alpha.4',
26 silly addNameRange     '2.0.0-beta.1',
26 silly addNameRange     '2.0.0',
26 silly addNameRange     '3.0.0',
26 silly addNameRange     '3.0.1',
26 silly addNameRange     '3.0.2',
26 silly addNameRange     '3.0.3',
26 silly addNameRange     '4.0.0',
26 silly addNameRange     '4.0.1',
26 silly addNameRange     '4.0.2',
26 silly addNameRange     '4.0.3',
26 silly addNameRange     '4.0.4',
26 silly addNameRange     '4.0.5',
26 silly addNameRange     '4.0.6',
26 silly addNameRange     '1.0.2-beta',
26 silly addNameRange     '1.0.4-beta',
26 silly addNameRange     '1.0.5-beta' ] ]
27 verbose addNamed [ 'handlebars', '4.0.6' ]
28 verbose addNamed [ '4.0.6', '4.0.6' ]
29 silly lockFile ddd5ae86-handlebars-4-0-6 handlebars@4.0.6
30 verbose lock handlebars@4.0.6 /home/rich/.npm/ddd5ae86-handlebars-4-0-6.lock
31 silly lockFile 79088d08--handlebars-handlebars-4-0-6-tgz https://registry.npmjs.org/handlebars/-/handlebars-4.0.6.tgz
32 verbose lock https://registry.npmjs.org/handlebars/-/handlebars-4.0.6.tgz /home/rich/.npm/79088d08--handlebars-handlebars-4-0-6-tgz.lock
33 verbose addRemoteTarball [ 'https://registry.npmjs.org/handlebars/-/handlebars-4.0.6.tgz',
33 verbose addRemoteTarball   '2ce4484850537f9c97a8026d5399b935c4ed4ed7' ]
34 info retry fetch attempt 1 at 19:06:24
35 verbose fetch to= /home/rich/tmp/npm-3292/1483747584883-0.5023463778197765/tmp.tgz
36 http GET https://registry.npmjs.org/handlebars/-/handlebars-4.0.6.tgz
37 http 200 https://registry.npmjs.org/handlebars/-/handlebars-4.0.6.tgz
38 silly shasum updated bytes 40960
39 silly shasum updated bytes 40960
40 silly shasum updated bytes 40960
41 silly shasum updated bytes 40960
42 silly shasum updated bytes 40960
43 silly shasum updated bytes 40960
44 silly shasum updated bytes 40960
45 silly shasum updated bytes 40960
46 silly shasum updated bytes 40960
47 silly shasum updated bytes 40960
48 silly shasum updated bytes 40960
49 silly shasum updated bytes 40960
50 silly shasum updated bytes 40960
51 silly shasum updated bytes 40960
52 silly shasum updated bytes 40960
53 silly shasum updated bytes 11476
54 info shasum 2ce4484850537f9c97a8026d5399b935c4ed4ed7
54 info shasum /home/rich/tmp/npm-3292/1483747584883-0.5023463778197765/tmp.tgz
55 verbose tar unpack /home/rich/tmp/npm-3292/1483747584883-0.5023463778197765/tmp.tgz
56 silly lockFile 46c2786a-84883-0-5023463778197765-package /home/rich/tmp/npm-3292/1483747584883-0.5023463778197765/package
57 verbose lock /home/rich/tmp/npm-3292/1483747584883-0.5023463778197765/package /home/rich/.npm/46c2786a-84883-0-5023463778197765-package.lock
58 silly gunzTarPerm modes [ '755', '644' ]
59 silly gunzTarPerm extractEntry package.json
60 silly gunzTarPerm extractEntry .npmignore
61 silly gunzTarPerm extractEntry LICENSE
62 silly gunzTarPerm extractEntry runtime.js
63 silly gunzTarPerm extractEntry bin/handlebars
64 silly gunzTarPerm extractEntry CONTRIBUTING.md
65 silly gunzTarPerm extractEntry FAQ.md
66 silly gunzTarPerm extractEntry .gitmodules
67 silly gunzTarPerm extractEntry .istanbul.yml
68 silly gunzTarPerm extractEntry README.markdown
69 silly gunzTarPerm extractEntry dist/handlebars.runtime.min.js
70 silly gunzTarPerm extractEntry dist/handlebars.runtime.js
71 silly gunzTarPerm extractEntry dist/handlebars.runtime.amd.min.js
72 silly gunzTarPerm extractEntry dist/handlebars.amd.js
73 silly gunzTarPerm extractEntry dist/handlebars.amd.min.js
74 silly gunzTarPerm extractEntry dist/handlebars.runtime.amd.js
75 silly gunzTarPerm extractEntry dist/handlebars.min.js
76 silly gunzTarPerm extractEntry dist/handlebars.js
77 silly gunzTarPerm extractEntry dist/cjs/handlebars.js
78 silly gunzTarPerm extractEntry dist/cjs/handlebars.runtime.js
79 silly gunzTarPerm extractEntry dist/cjs/precompiler.js
80 silly gunzTarPerm extractEntry dist/cjs/handlebars/base.js
81 silly gunzTarPerm extractEntry dist/cjs/handlebars/safe-string.js
82 silly gunzTarPerm extractEntry dist/cjs/handlebars/decorators.js
83 silly gunzTarPerm extractEntry dist/cjs/handlebars/exception.js
84 silly gunzTarPerm extractEntry dist/cjs/handlebars/runtime.js
85 silly gunzTarPerm extractEntry dist/cjs/handlebars/no-conflict.js
86 silly gunzTarPerm extractEntry dist/cjs/handlebars/logger.js
87 silly gunzTarPerm extractEntry dist/cjs/handlebars/utils.js
88 silly gunzTarPerm extractEntry dist/cjs/handlebars/helpers.js
89 silly gunzTarPerm extractEntry dist/cjs/handlebars/compiler/ast.js
90 silly gunzTarPerm extractEntry dist/cjs/handlebars/compiler/base.js
91 silly gunzTarPerm extractEntry dist/cjs/handlebars/compiler/code-gen.js
92 silly gunzTarPerm extractEntry dist/cjs/handlebars/compiler/compiler.js
93 silly gunzTarPerm extractEntry dist/cjs/handlebars/compiler/helpers.js
94 silly gunzTarPerm extractEntry dist/cjs/handlebars/compiler/javascript-compiler.js
95 silly gunzTarPerm extractEntry dist/cjs/handlebars/compiler/parser.js
96 silly gunzTarPerm extractEntry dist/cjs/handlebars/compiler/printer.js
97 silly gunzTarPerm extractEntry dist/cjs/handlebars/compiler/visitor.js
98 silly gunzTarPerm extractEntry dist/cjs/handlebars/compiler/whitespace-control.js
99 silly gunzTarPerm extractEntry dist/cjs/handlebars/helpers/block-helper-missing.js
100 silly gunzTarPerm extractEntry dist/cjs/handlebars/helpers/each.js
101 silly gunzTarPerm extractEntry dist/cjs/handlebars/helpers/helper-missing.js
102 silly gunzTarPerm extractEntry dist/cjs/handlebars/helpers/if.js
103 silly gunzTarPerm extractEntry dist/cjs/handlebars/helpers/log.js
104 silly gunzTarPerm extractEntry dist/cjs/handlebars/helpers/lookup.js
105 silly gunzTarPerm extractEntry dist/cjs/handlebars/helpers/with.js
106 silly gunzTarPerm extractEntry dist/cjs/handlebars/decorators/inline.js
107 silly gunzTarPerm extractEntry dist/amd/handlebars.js
108 silly gunzTarPerm extractEntry dist/amd/handlebars.runtime.js
109 silly gunzTarPerm extractEntry dist/amd/precompiler.js
110 silly gunzTarPerm extractEntry dist/amd/handlebars/base.js
111 silly gunzTarPerm extractEntry dist/amd/handlebars/safe-string.js
112 silly gunzTarPerm extractEntry dist/amd/handlebars/decorators.js
113 silly gunzTarPerm extractEntry dist/amd/handlebars/exception.js
114 silly gunzTarPerm extractEntry dist/amd/handlebars/runtime.js
115 silly gunzTarPerm extractEntry dist/amd/handlebars/no-conflict.js
116 silly gunzTarPerm extractEntry dist/amd/handlebars/logger.js
117 silly gunzTarPerm extractEntry dist/amd/handlebars/utils.js
118 silly gunzTarPerm extractEntry dist/amd/handlebars/helpers.js
119 silly gunzTarPerm extractEntry dist/amd/handlebars/compiler/ast.js
120 silly gunzTarPerm extractEntry dist/amd/handlebars/compiler/base.js
121 silly gunzTarPerm extractEntry dist/amd/handlebars/compiler/code-gen.js
122 silly gunzTarPerm extractEntry dist/amd/handlebars/compiler/compiler.js
123 silly gunzTarPerm extractEntry dist/amd/handlebars/compiler/helpers.js
124 silly gunzTarPerm extractEntry dist/amd/handlebars/compiler/javascript-compiler.js
125 silly gunzTarPerm extractEntry dist/amd/handlebars/compiler/parser.js
126 silly gunzTarPerm extractEntry dist/amd/handlebars/compiler/printer.js
127 silly gunzTarPerm extractEntry dist/amd/handlebars/compiler/visitor.js
128 silly gunzTarPerm extractEntry dist/amd/handlebars/compiler/whitespace-control.js
129 silly gunzTarPerm extractEntry dist/amd/handlebars/helpers/block-helper-missing.js
130 silly gunzTarPerm extractEntry dist/amd/handlebars/helpers/each.js
131 silly gunzTarPerm extractEntry dist/amd/handlebars/helpers/helper-missing.js
132 silly gunzTarPerm extractEntry dist/amd/handlebars/helpers/if.js
133 silly gunzTarPerm extractEntry dist/amd/handlebars/helpers/log.js
134 silly gunzTarPerm extractEntry dist/amd/handlebars/helpers/lookup.js
135 silly gunzTarPerm extractEntry dist/amd/handlebars/helpers/with.js
136 silly gunzTarPerm extractEntry dist/amd/handlebars/decorators/inline.js
137 silly gunzTarPerm extractEntry docs/compiler-api.md
138 silly gunzTarPerm extractEntry docs/decorators-api.md
139 silly gunzTarPerm extractEntry lib/handlebars.js
140 silly gunzTarPerm extractEntry lib/handlebars.runtime.js
141 silly gunzTarPerm extractEntry lib/index.js
142 silly gunzTarPerm extractEntry lib/precompiler.js
143 silly gunzTarPerm extractEntry lib/handlebars/base.js
144 silly gunzTarPerm extractEntry lib/handlebars/safe-string.js
145 silly gunzTarPerm extractEntry lib/handlebars/decorators.js
146 silly gunzTarPerm extractEntry lib/handlebars/exception.js
147 silly gunzTarPerm extractEntry lib/handlebars/runtime.js
148 silly gunzTarPerm extractEntry lib/handlebars/no-conflict.js
149 silly gunzTarPerm extractEntry lib/handlebars/logger.js
150 silly gunzTarPerm extractEntry lib/handlebars/utils.js
151 silly gunzTarPerm extractEntry lib/handlebars/helpers.js
152 silly gunzTarPerm extractEntry lib/handlebars/compiler/ast.js
153 silly gunzTarPerm extractEntry lib/handlebars/compiler/base.js
154 silly gunzTarPerm extractEntry lib/handlebars/compiler/code-gen.js
155 silly gunzTarPerm extractEntry lib/handlebars/compiler/compiler.js
156 silly gunzTarPerm extractEntry lib/handlebars/compiler/helpers.js
157 silly gunzTarPerm extractEntry lib/handlebars/compiler/javascript-compiler.js
158 silly gunzTarPerm extractEntry lib/handlebars/compiler/parser.js
159 silly gunzTarPerm extractEntry lib/handlebars/compiler/printer.js
160 silly gunzTarPerm extractEntry lib/handlebars/compiler/visitor.js
161 silly gunzTarPerm extractEntry lib/handlebars/compiler/whitespace-control.js
162 silly gunzTarPerm extractEntry lib/handlebars/helpers/block-helper-missing.js
163 silly gunzTarPerm extractEntry lib/handlebars/helpers/each.js
164 silly gunzTarPerm extractEntry lib/handlebars/helpers/helper-missing.js
165 silly gunzTarPerm extractEntry lib/handlebars/helpers/if.js
166 silly gunzTarPerm extractEntry lib/handlebars/helpers/log.js
167 silly gunzTarPerm extractEntry lib/handlebars/helpers/lookup.js
168 silly gunzTarPerm extractEntry lib/handlebars/helpers/with.js
169 silly gunzTarPerm extractEntry lib/handlebars/decorators/inline.js
170 silly gunzTarPerm extractEntry print-script
171 silly gunzTarPerm extractEntry release-notes.md
172 verbose read json /home/rich/tmp/npm-3292/1483747584883-0.5023463778197765/package/package.json
173 silly lockFile 46c2786a-84883-0-5023463778197765-package /home/rich/tmp/npm-3292/1483747584883-0.5023463778197765/package
174 verbose from cache /home/rich/tmp/npm-3292/1483747584883-0.5023463778197765/package/package.json
175 verbose tar pack [ '/home/rich/.npm/handlebars/4.0.6/package.tgz',
175 verbose tar pack   '/home/rich/tmp/npm-3292/1483747584883-0.5023463778197765/package' ]
176 verbose tarball /home/rich/.npm/handlebars/4.0.6/package.tgz
177 verbose folder /home/rich/tmp/npm-3292/1483747584883-0.5023463778197765/package
178 silly lockFile b1d64820-npm-handlebars-4-0-6-package-tgz /home/rich/.npm/handlebars/4.0.6/package.tgz
179 verbose lock /home/rich/.npm/handlebars/4.0.6/package.tgz /home/rich/.npm/b1d64820-npm-handlebars-4-0-6-package-tgz.lock
180 silly lockFile b1d64820-npm-handlebars-4-0-6-package-tgz /home/rich/.npm/handlebars/4.0.6/package.tgz
181 silly lockFile 16691ee3-ich-npm-handlebars-4-0-6-package /home/rich/.npm/handlebars/4.0.6/package
182 verbose lock /home/rich/.npm/handlebars/4.0.6/package /home/rich/.npm/16691ee3-ich-npm-handlebars-4-0-6-package.lock
183 silly lockFile 16691ee3-ich-npm-handlebars-4-0-6-package /home/rich/.npm/handlebars/4.0.6/package
184 verbose tar unpack /home/rich/.npm/handlebars/4.0.6/package.tgz
185 silly lockFile 16691ee3-ich-npm-handlebars-4-0-6-package /home/rich/.npm/handlebars/4.0.6/package
186 verbose lock /home/rich/.npm/handlebars/4.0.6/package /home/rich/.npm/16691ee3-ich-npm-handlebars-4-0-6-package.lock
187 silly gunzTarPerm modes [ '755', '644' ]
188 silly gunzTarPerm extractEntry package.json
189 silly gunzTarPerm extractEntry .npmignore
190 silly gunzTarPerm extractEntry LICENSE
191 silly gunzTarPerm extractEntry runtime.js
192 silly gunzTarPerm extractEntry README.markdown
193 silly gunzTarPerm extractEntry .istanbul.yml
194 silly gunzTarPerm extractEntry docs/decorators-api.md
195 silly gunzTarPerm extractEntry docs/compiler-api.md
196 silly gunzTarPerm extractEntry bin/handlebars
197 silly gunzTarPerm extractEntry lib/handlebars.runtime.js
198 silly gunzTarPerm extractEntry lib/index.js
199 silly gunzTarPerm extractEntry lib/precompiler.js
200 silly gunzTarPerm extractEntry lib/handlebars.js
201 silly gunzTarPerm extractEntry lib/handlebars/helpers.js
202 silly gunzTarPerm extractEntry lib/handlebars/exception.js
203 silly gunzTarPerm extractEntry lib/handlebars/safe-string.js
204 silly gunzTarPerm extractEntry lib/handlebars/no-conflict.js
205 silly gunzTarPerm extractEntry lib/handlebars/decorators.js
206 silly gunzTarPerm extractEntry lib/handlebars/logger.js
207 silly gunzTarPerm extractEntry lib/handlebars/base.js
208 silly gunzTarPerm extractEntry lib/handlebars/utils.js
209 silly gunzTarPerm extractEntry lib/handlebars/runtime.js
210 silly gunzTarPerm extractEntry lib/handlebars/decorators/inline.js
211 silly gunzTarPerm extractEntry lib/handlebars/helpers/with.js
212 silly gunzTarPerm extractEntry lib/handlebars/helpers/if.js
213 silly gunzTarPerm extractEntry lib/handlebars/helpers/helper-missing.js
214 silly gunzTarPerm extractEntry lib/handlebars/helpers/each.js
215 silly gunzTarPerm extractEntry lib/handlebars/helpers/log.js
216 silly gunzTarPerm extractEntry lib/handlebars/helpers/block-helper-missing.js
217 silly gunzTarPerm extractEntry lib/handlebars/helpers/lookup.js
218 silly gunzTarPerm extractEntry lib/handlebars/compiler/helpers.js
219 silly gunzTarPerm extractEntry lib/handlebars/compiler/compiler.js
220 silly gunzTarPerm extractEntry lib/handlebars/compiler/code-gen.js
221 silly gunzTarPerm extractEntry lib/handlebars/compiler/ast.js
222 silly gunzTarPerm extractEntry lib/handlebars/compiler/visitor.js
223 silly gunzTarPerm extractEntry lib/handlebars/compiler/base.js
224 silly gunzTarPerm extractEntry lib/handlebars/compiler/parser.js
225 silly gunzTarPerm extractEntry lib/handlebars/compiler/whitespace-control.js
226 silly gunzTarPerm extractEntry lib/handlebars/compiler/printer.js
227 silly gunzTarPerm extractEntry lib/handlebars/compiler/javascript-compiler.js
228 silly gunzTarPerm extractEntry FAQ.md
229 silly gunzTarPerm extractEntry release-notes.md
230 silly gunzTarPerm extractEntry CONTRIBUTING.md
231 silly gunzTarPerm extractEntry print-script
232 silly gunzTarPerm extractEntry dist/handlebars.amd.js
233 silly gunzTarPerm extractEntry dist/handlebars.runtime.amd.js
234 silly gunzTarPerm extractEntry dist/handlebars.runtime.js
235 silly gunzTarPerm extractEntry dist/handlebars.amd.min.js
236 silly gunzTarPerm extractEntry dist/handlebars.min.js
237 silly gunzTarPerm extractEntry dist/handlebars.runtime.amd.min.js
238 silly gunzTarPerm extractEntry dist/handlebars.runtime.min.js
239 silly gunzTarPerm extractEntry dist/handlebars.js
240 silly gunzTarPerm extractEntry dist/amd/handlebars.runtime.js
241 silly gunzTarPerm extractEntry dist/amd/precompiler.js
242 silly gunzTarPerm extractEntry dist/amd/handlebars.js
243 silly gunzTarPerm extractEntry dist/amd/handlebars/helpers.js
244 silly gunzTarPerm extractEntry dist/amd/handlebars/exception.js
245 silly gunzTarPerm extractEntry dist/amd/handlebars/safe-string.js
246 silly gunzTarPerm extractEntry dist/amd/handlebars/no-conflict.js
247 silly gunzTarPerm extractEntry dist/amd/handlebars/decorators.js
248 silly gunzTarPerm extractEntry dist/amd/handlebars/logger.js
249 silly gunzTarPerm extractEntry dist/amd/handlebars/base.js
250 silly gunzTarPerm extractEntry dist/amd/handlebars/utils.js
251 silly gunzTarPerm extractEntry dist/amd/handlebars/runtime.js
252 silly gunzTarPerm extractEntry dist/amd/handlebars/decorators/inline.js
253 silly gunzTarPerm extractEntry dist/amd/handlebars/helpers/with.js
254 silly gunzTarPerm extractEntry dist/amd/handlebars/helpers/if.js
255 silly gunzTarPerm extractEntry dist/amd/handlebars/helpers/helper-missing.js
256 silly gunzTarPerm extractEntry dist/amd/handlebars/helpers/each.js
257 silly gunzTarPerm extractEntry dist/amd/handlebars/helpers/log.js
258 silly gunzTarPerm extractEntry dist/amd/handlebars/helpers/block-helper-missing.js
259 silly gunzTarPerm extractEntry dist/amd/handlebars/helpers/lookup.js
260 silly gunzTarPerm extractEntry dist/amd/handlebars/compiler/helpers.js
261 silly gunzTarPerm extractEntry dist/amd/handlebars/compiler/compiler.js
262 silly gunzTarPerm extractEntry dist/amd/handlebars/compiler/code-gen.js
263 silly gunzTarPerm extractEntry dist/amd/handlebars/compiler/ast.js
264 silly gunzTarPerm extractEntry dist/amd/handlebars/compiler/visitor.js
265 silly gunzTarPerm extractEntry dist/amd/handlebars/compiler/base.js
266 silly gunzTarPerm extractEntry dist/amd/handlebars/compiler/parser.js
267 silly gunzTarPerm extractEntry dist/amd/handlebars/compiler/whitespace-control.js
268 silly gunzTarPerm extractEntry dist/amd/handlebars/compiler/printer.js
269 silly gunzTarPerm extractEntry dist/amd/handlebars/compiler/javascript-compiler.js
270 silly gunzTarPerm extractEntry dist/cjs/handlebars.runtime.js
271 silly gunzTarPerm extractEntry dist/cjs/precompiler.js
272 silly gunzTarPerm extractEntry dist/cjs/handlebars.js
273 silly gunzTarPerm extractEntry dist/cjs/handlebars/helpers.js
274 silly gunzTarPerm extractEntry dist/cjs/handlebars/exception.js
275 silly gunzTarPerm extractEntry dist/cjs/handlebars/safe-string.js
276 silly gunzTarPerm extractEntry dist/cjs/handlebars/no-conflict.js
277 silly gunzTarPerm extractEntry dist/cjs/handlebars/decorators.js
278 silly gunzTarPerm extractEntry dist/cjs/handlebars/logger.js
279 silly gunzTarPerm extractEntry dist/cjs/handlebars/base.js
280 silly gunzTarPerm extractEntry dist/cjs/handlebars/utils.js
281 silly gunzTarPerm extractEntry dist/cjs/handlebars/runtime.js
282 silly gunzTarPerm extractEntry dist/cjs/handlebars/decorators/inline.js
283 silly gunzTarPerm extractEntry dist/cjs/handlebars/helpers/with.js
284 silly gunzTarPerm extractEntry dist/cjs/handlebars/helpers/if.js
285 silly gunzTarPerm extractEntry dist/cjs/handlebars/helpers/helper-missing.js
286 silly gunzTarPerm extractEntry dist/cjs/handlebars/helpers/each.js
287 silly gunzTarPerm extractEntry dist/cjs/handlebars/helpers/log.js
288 silly gunzTarPerm extractEntry dist/cjs/handlebars/helpers/block-helper-missing.js
289 silly gunzTarPerm extractEntry dist/cjs/handlebars/helpers/lookup.js
290 silly gunzTarPerm extractEntry dist/cjs/handlebars/compiler/helpers.js
291 silly gunzTarPerm extractEntry dist/cjs/handlebars/compiler/compiler.js
292 silly gunzTarPerm extractEntry dist/cjs/handlebars/compiler/code-gen.js
293 silly gunzTarPerm extractEntry dist/cjs/handlebars/compiler/ast.js
294 silly gunzTarPerm extractEntry dist/cjs/handlebars/compiler/visitor.js
295 silly gunzTarPerm extractEntry dist/cjs/handlebars/compiler/base.js
296 silly gunzTarPerm extractEntry dist/cjs/handlebars/compiler/parser.js
297 silly gunzTarPerm extractEntry dist/cjs/handlebars/compiler/whitespace-control.js
298 silly gunzTarPerm extractEntry dist/cjs/handlebars/compiler/printer.js
299 silly gunzTarPerm extractEntry dist/cjs/handlebars/compiler/javascript-compiler.js
300 silly gunzTarPerm extractEntry .gitmodules
301 verbose read json /home/rich/.npm/handlebars/4.0.6/package/package.json
302 silly lockFile 16691ee3-ich-npm-handlebars-4-0-6-package /home/rich/.npm/handlebars/4.0.6/package
303 silly shasum updated bytes 40960
304 silly shasum updated bytes 40960
305 silly shasum updated bytes 40960
306 silly shasum updated bytes 40960
307 silly shasum updated bytes 40960
308 silly shasum updated bytes 40960
309 silly shasum updated bytes 40960
310 silly shasum updated bytes 40960
311 silly shasum updated bytes 40960
312 silly shasum updated bytes 40960
313 silly shasum updated bytes 40960
314 silly shasum updated bytes 40960
315 silly shasum updated bytes 40960
316 silly shasum updated bytes 40960
317 silly shasum updated bytes 12050
318 info shasum 668b5e82e630cd8e8d47a7ef70a51e6b8ed5f894
318 info shasum /home/rich/.npm/handlebars/4.0.6/package.tgz
319 verbose from cache /home/rich/.npm/handlebars/4.0.6/package/package.json
320 verbose chmod /home/rich/.npm/handlebars/4.0.6/package.tgz 644
321 verbose chown /home/rich/.npm/handlebars/4.0.6/package.tgz [ 1000, 1000 ]
322 silly lockFile 79088d08--handlebars-handlebars-4-0-6-tgz https://registry.npmjs.org/handlebars/-/handlebars-4.0.6.tgz
323 silly lockFile ddd5ae86-handlebars-4-0-6 handlebars@4.0.6
324 silly lockFile 0ab5732f-handlebars handlebars@
325 silly resolved [ { name: 'handlebars',
325 silly resolved     barename: 'handlebars',
325 silly resolved     version: '4.0.6',
325 silly resolved     description: 'Handlebars provides the power necessary to let you build semantic templates effectively with no frustration',
325 silly resolved     homepage: 'http://www.handlebarsjs.com/',
325 silly resolved     keywords: [ 'handlebars', 'mustache', 'template', 'html' ],
325 silly resolved     repository:
325 silly resolved      { type: 'git',
325 silly resolved        url: 'https://github.com/wycats/handlebars.js.git' },
325 silly resolved     author: { name: 'Yehuda Katz' },
325 silly resolved     license: 'MIT',
325 silly resolved     readmeFilename: 'README.markdown',
325 silly resolved     engines: { node: '>=0.4.7' },
325 silly resolved     dependencies:
325 silly resolved      { async: '^1.4.0',
325 silly resolved        optimist: '^0.6.1',
325 silly resolved        'source-map': '^0.4.4',
325 silly resolved        'uglify-js': '^2.6' },
325 silly resolved     optionalDependencies: { 'uglify-js': '^2.6' },
325 silly resolved     devDependencies:
325 silly resolved      { 'aws-sdk': '^2.1.49',
325 silly resolved        'babel-loader': '^5.0.0',
325 silly resolved        'babel-runtime': '^5.1.10',
325 silly resolved        benchmark: '~1.0',
325 silly resolved        'dustjs-linkedin': '^2.0.2',
325 silly resolved        eco: '~1.1.0-rc-3',
325 silly resolved        grunt: '~0.4.1',
325 silly resolved        'grunt-babel': '^5.0.0',
325 silly resolved        'grunt-cli': '~0.1.10',
325 silly resolved        'grunt-contrib-clean': '0.x',
325 silly resolved        'grunt-contrib-concat': '0.x',
325 silly resolved        'grunt-contrib-connect': '0.x',
325 silly resolved        'grunt-contrib-copy': '0.x',
325 silly resolved        'grunt-contrib-requirejs': '0.x',
325 silly resolved        'grunt-contrib-uglify': '0.x',
325 silly resolved        'grunt-contrib-watch': '0.x',
325 silly resolved        'grunt-eslint': '^17.1.0',
325 silly resolved        'grunt-saucelabs': '8.x',
325 silly resolved        'grunt-webpack': '^1.0.8',
325 silly resolved        istanbul: '^0.3.0',
325 silly resolved        jison: '~0.3.0',
325 silly resolved        mocha: '~1.20.0',
325 silly resolved        'mock-stdin': '^0.3.0',
325 silly resolved        mustache: '^2.1.3',
325 silly resolved        semver: '^5.0.1',
325 silly resolved        underscore: '^1.5.1',
325 silly resolved        webpack: '^1.12.6',
325 silly resolved        'webpack-dev-server': '^1.12.1' },
325 silly resolved     main: 'lib/index.js',
325 silly resolved     bin: { handlebars: 'bin/handlebars' },
325 silly resolved     scripts: { test: 'grunt' },
325 silly resolved     jspm:
325 silly resolved      { main: 'handlebars',
325 silly resolved        directories: [Object],
325 silly resolved        buildConfig: [Object] },
325 silly resolved     readme: '[![Travis Build Status](https://img.shields.io/travis/wycats/handlebars.js/master.svg)](https://travis-ci.org/wycats/handlebars.js)\n[![Selenium Test Status](https://saucelabs.com/buildstatus/handlebars)](https://saucelabs.com/u/handlebars)\n\nHandlebars.js\n=============\n\nHandlebars.js is an extension to the [Mustache templating\nlanguage](http://mustache.github.com/) created by Chris Wanstrath.\nHandlebars.js and Mustache are both logicless templating languages that\nkeep the view and the code separated like we all know they should be.\n\nCheckout the official Handlebars docs site at\n[http://www.handlebarsjs.com](http://www.handlebarsjs.com) and the live demo at [http://tryhandlebarsjs.com/](http://tryhandlebarsjs.com/).\n\nInstalling\n----------\n\nSee our [installation documentation](http://handlebarsjs.com/installation.html).\n\nUsage\n-----\nIn general, the syntax of Handlebars.js templates is a superset\nof Mustache templates. For basic syntax, check out the [Mustache\nmanpage](http://mustache.github.com/mustache.5.html).\n\nOnce you have a template, use the `Handlebars.compile` method to compile\nthe template into a function. The generated function takes a context\nargument, which will be used to render the template.\n\n```js\nvar source = "<p>Hello, my name is {{name}}. I am from {{hometown}}. I have " +\n             "{{kids.length}} kids:</p>" +\n             "<ul>{{#kids}}<li>{{name}} is {{age}}</li>{{/kids}}</ul>";\nvar template = Handlebars.compile(source);\n\nvar data = { "name": "Alan", "hometown": "Somewhere, TX",\n             "kids": [{"name": "Jimmy", "age": "12"}, {"name": "Sally", "age": "4"}]};\nvar result = template(data);\n\n// Would render:\n// <p>Hello, my name is Alan. I am from Somewhere, TX. I have 2 kids:</p>\n// <ul>\n//   <li>Jimmy is 12</li>\n//   <li>Sally is 4</li>\n// </ul>\n```\n\nFull documentation and more examples are at [handlebarsjs.com](http://handlebarsjs.com/).\n\nPrecompiling Templates\n----------------------\n\nHandlebars allows templates to be precompiled and included as javascript code rather than the handlebars template allowing for faster startup time. Full details are located [here](http://handlebarsjs.com/precompilation.html).\n\nDifferences Between Handlebars.js and Mustache\n----------------------------------------------\nHandlebars.js adds a couple of additional features to make writing\ntemplates easier and also changes a tiny detail of how partials work.\n\n- [Nested Paths](http://handlebarsjs.com/#paths)\n- [Helpers](http://handlebarsjs.com/#helpers)\n- [Block Expressions](http://handlebarsjs.com/#block-expressions)\n- [Literal Values](http://handlebarsjs.com/#literals)\n- [Delimited Comments](http://handlebarsjs.com/#comments)\n\nBlock expressions have the same syntax as mustache sections but should not be confused with one another. Sections are akin to an implicit `each` or `with` statement depending on the input data and helpers are explicit pieces of code that are free to implement whatever behavior they like. The [mustache spec](http://mustache.github.io/mustache.5.html) defines the exact behavior of sections. In the case of name conflicts, helpers are given priority.\n\n### Compatibility\n\nThere are a few Mustache behaviors that Handlebars does not implement.\n- Handlebars deviates from Mustache slightly in that it does not perform recursive lookup by default. The compile time `compat` flag must be set to enable this functionality. Users should note that there is a performance cost for enabling this flag. The exact cost varies by template, but it\'s recommended that performance sensitive operations should avoid this mode and instead opt for explicit path references.\n- The optional Mustache-style lambdas are not supported. Instead Handlebars provides its own lambda resolution that follows the behaviors of helpers.\n- Alternative delimiters are not supported.\n\n\nSupported Environments\n----------------------\n\nHandlebars has been designed to work in any ECMAScript 3 environment. This includes\n\n- Node.js\n- Chrome\n- Firefox\n- Safari 5+\n- Opera 11+\n- IE 6+\n\nOlder versions and other runtimes are likely to work but have not been formally\ntested. The compiler requires `JSON.stringify` to be implemented natively or via a polyfill. If using the precompiler this is not necessary.\n\n[![Selenium Test Status](https://saucelabs.com/browser-matrix/handlebars.svg)](https://saucelabs.com/u/handlebars)\n\nPerformance\n-----------\n\nIn a rough performance test, precompiled Handlebars.js templates (in\nthe original version of Handlebars.js) rendered in about half the\ntime of Mustache templates. It would be a shame if it were any other\nway, since they were precompiled, but the difference in architecture\ndoes have some big performance advantages. Justin Marney, a.k.a.\n[gotascii](http://github.com/gotascii), confirmed that with an\n[independent test](http://sorescode.com/2010/09/12/benchmarks.html). The\nrewritten Handlebars (current version) is faster than the old version,\nwith many [performance tests](https://travis-ci.org/wycats/handlebars.js/builds/33392182#L538) being 5 to 7 times faster than the Mustache equivalent.\n\n\nUpgrading\n---------\n\nSee [release-notes.md](https://github.com/wycats/handlebars.js/blob/master/release-notes.md) for upgrade notes.\n\nKnown Issues\n------------\n\nSee [FAQ.md](https://github.com/wycats/handlebars.js/blob/master/FAQ.md) for known issues and common pitfalls.\n\n\nHandlebars in the Wild\n----------------------\n\n* [Assemble](http://assemble.io), by [@jonschlinkert](https://github.com/jonschlinkert)\n  and [@doowb](https://github.com/doowb), is a static site generator that uses Handlebars.js\n  as its template engine.\n* [Cory](https://github.com/leo/cory), by [@leo](https://github.com/leo), is another tiny static site generator\n* [CoSchedule](http://coschedule.com) An editorial calendar for WordPress that uses Handlebars.js\n* [dashbars](https://github.com/pismute/dashbars) A modern helper library for Handlebars.js.\n* [Ember.js](http://www.emberjs.com) makes Handlebars.js the primary way to\n  structure your views, also with automatic data binding support.\n* [Ghost](https://ghost.org/) Just a blogging platform.\n* [handlebars_assets](http://github.com/leshill/handlebars_assets): A Rails Asset Pipeline gem\n  from Les Hill (@leshill).\n* [handlebars-helpers](https://github.com/assemble/handlebars-helpers) is an extensive library\n  with 100+ handlebars helpers.\n* [handlebars-layouts](https://github.com/shannonmoeller/handlebars-layouts) is a set of helpers which implement extendible and embeddable layout blocks as seen in other popular templating languages.\n* [hbs](http://github.com/donpark/hbs): An Express.js view engine adapter for Handlebars.js,\n  from Don Park.\n* [koa-hbs](https://github.com/jwilm/koa-hbs): [koa](https://github.com/koajs/koa) generator based\n  renderer for Handlebars.js.\n* [jblotus](http://github.com/jblotus) created [http://tryhandlebarsjs.com](http://tryhandlebarsjs.com)\n  for anyone who would like to try out Handlebars.js in their browser.\n* [jQuery plugin](http://71104.github.io/jquery-handlebars/): allows you to use\n  Handlebars.js with [jQuery](http://jquery.com/).\n* [Lumbar](http://walmartlabs.github.io/lumbar) provides easy module-based template management for\n  handlebars projects.\n* [Marionette.Handlebars](https://github.com/hashchange/marionette.handlebars) adds support for Handlebars and Mustache templates to Marionette.\n* [sammy.js](http://github.com/quirkey/sammy) by Aaron Quint, a.k.a. quirkey,\n  supports Handlebars.js as one of its template plugins.\n* [SproutCore](http://www.sproutcore.com) uses Handlebars.js as its main\n  templating engine, extending it with automatic data binding support.\n* [YUI](http://yuilibrary.com/yui/docs/handlebars/) implements a port of handlebars\n* [Swag](https://github.com/elving/swag) by [@elving](https://github.com/elving) is a growing collection of helpers for handlebars.js. Give your handlebars.js templates some swag son!\n* [DOMBars](https://github.com/blakeembrey/dombars) is a DOM-based templating engine built on the Handlebars parser and runtime **DEPRECATED**\n* [promised-handlebars](https://github.com/nknapp/promised-handlebars) is a wrapper for Handlebars that allows helpers to return Promises.\n* [just-handlebars-helpers](https://github.com/leapfrogtechnology/just-handlebars-helpers) A fully tested lightweight package with common Handlebars helpers.\n\nExternal Resources\n------------------\n\n* [Gist about Synchronous and asynchronous loading of external handlebars templates](https://gist.github.com/2287070)\n\nHave a project using Handlebars? Send us a [pull request][pull-request]!\n\nLicense\n-------\nHandlebars.js is released under the MIT license.\n\n[pull-request]: https://github.com/wycats/handlebars.js/pull/new/master\n',
325 silly resolved     _id: 'handlebars@4.0.6',
325 silly resolved     dist: { shasum: '668b5e82e630cd8e8d47a7ef70a51e6b8ed5f894' },
325 silly resolved     _from: 'handlebars' } ]
326 info install handlebars@4.0.6 into /usr/local/lib
327 info installOne handlebars@4.0.6
328 verbose from cache /home/rich/.npm/handlebars/4.0.6/package/package.json
329 info /usr/local/lib/node_modules/handlebars unbuild
330 verbose read json /usr/local/lib/node_modules/handlebars/package.json
331 verbose tar unpack /home/rich/.npm/handlebars/4.0.6/package.tgz
332 silly lockFile 7aff9bd5-ocal-lib-node-modules-handlebars /usr/local/lib/node_modules/handlebars
333 verbose lock /usr/local/lib/node_modules/handlebars /home/rich/.npm/7aff9bd5-ocal-lib-node-modules-handlebars.lock
334 silly gunzTarPerm modes [ '755', '644' ]
335 error Error: EACCES, mkdir '/usr/local/lib/node_modules/handlebars'
335 error  { [Error: EACCES, mkdir '/usr/local/lib/node_modules/handlebars']
335 error   errno: 3,
335 error   code: 'EACCES',
335 error   path: '/usr/local/lib/node_modules/handlebars',
335 error   fstream_type: 'Directory',
335 error   fstream_path: '/usr/local/lib/node_modules/handlebars',
335 error   fstream_class: 'DirWriter',
335 error   fstream_stack:
335 error    [ 'DirWriter._create (/usr/local/lib/node_modules/npm/node_modules/fstream/lib/dir-writer.js:36:23)',
335 error      '/usr/local/lib/node_modules/npm/node_modules/mkdirp/index.js:37:53',
335 error      'Object.oncomplete (fs.js:297:15)' ] }
336 error Please try running this command again as root/Administrator.
337 error System Linux 3.8.0-33-generic
338 error command "/usr/local/bin/node" "/usr/local/bin/npm" "install" "-g" "handlebars"
339 error cwd /home/rich/Downloads/nli-resume/src
340 error node -v v0.8.17
341 error npm -v 1.2.0
342 error path /usr/local/lib/node_modules/handlebars
343 error fstream_path /usr/local/lib/node_modules/handlebars
344 error fstream_type Directory
345 error fstream_class DirWriter
346 error code EACCES
347 error errno 3
348 error stack Error: EACCES, mkdir '/usr/local/lib/node_modules/handlebars'
349 error fstream_stack DirWriter._create (/usr/local/lib/node_modules/npm/node_modules/fstream/lib/dir-writer.js:36:23)
349 error fstream_stack /usr/local/lib/node_modules/npm/node_modules/mkdirp/index.js:37:53
349 error fstream_stack Object.oncomplete (fs.js:297:15)
350 verbose exit [ 3, true ]
